2022-06-15T09:23:45+00:00 CRITICAL Uncaught Error: Class 'MailPoet\Models\Form' not found in /home4/iticms/public_html/wp-content/plugins/toolbar-extras/includes/plugins-forms/items-mailpoet.php:145
Stack trace:
#0 /home4/iticms/public_html/wp-includes/class-wp-hook.php(307): ddw_tbex_site_items_mailpoet(Object(WP_Admin_Bar))
#1 /home4/iticms/public_html/wp-includes/class-wp-hook.php(331): WP_Hook->apply_filters(NULL, Array)
#2 /home4/iticms/public_html/wp-includes/plugin.php(524): WP_Hook->do_action(Array)
#3 /home4/iticms/public_html/wp-includes/admin-bar.php(95): do_action_ref_array('admin_bar_menu', Array)
#4 /home4/iticms/public_html/wp-includes/class-wp-hook.php(307): wp_admin_bar_render('')
#5 /home4/iticms/public_html/wp-includes/class-wp-hook.php(331): WP_Hook->apply_filters('', Array)
#6 /home4/iticms/public_html/wp-includes/plugin.php(476): WP_Hook->do_action(Array)
#7 /home4/iticms/public_html/wp-admin/admin-header.php(267): do_action('in_admin_header')
#8 /home4/iticms/public_html/wp-admin/plugins.php(605): require_once('/home4/it in /home4/iticms/public_html/wp-content/plugins/toolbar-extras/includes/plugins-forms/items-mailpoet.php on line 145

2022-06-15T09:23:48+00:00 CRITICAL Uncaught Error: Class 'MailPoet\Models\Form' not found in /home4/iticms/public_html/wp-content/plugins/toolbar-extras/includes/plugins-forms/items-mailpoet.php:145
Stack trace:
#0 /home4/iticms/public_html/wp-includes/class-wp-hook.php(307): ddw_tbex_site_items_mailpoet(Object(WP_Admin_Bar))
#1 /home4/iticms/public_html/wp-includes/class-wp-hook.php(331): WP_Hook->apply_filters(NULL, Array)
#2 /home4/iticms/public_html/wp-includes/plugin.php(524): WP_Hook->do_action(Array)
#3 /home4/iticms/public_html/wp-includes/admin-bar.php(95): do_action_ref_array('admin_bar_menu', Array)
#4 /home4/iticms/public_html/wp-includes/class-wp-hook.php(307): wp_admin_bar_render('')
#5 /home4/iticms/public_html/wp-includes/class-wp-hook.php(331): WP_Hook->apply_filters('', Array)
#6 /home4/iticms/public_html/wp-includes/plugin.php(476): WP_Hook->do_action(Array)
#7 /home4/iticms/public_html/wp-includes/general-template.php(3074): do_action('wp_body_open')
#8 /home4/iticms/public_html/wp-content/themes/martfury/inc/functions/entr in /home4/iticms/public_html/wp-content/plugins/toolbar-extras/includes/plugins-forms/items-mailpoet.php on line 145

2022-06-15T09:23:49+00:00 CRITICAL Uncaught Error: Class 'MailPoet\Models\Form' not found in /home4/iticms/public_html/wp-content/plugins/toolbar-extras/includes/plugins-forms/items-mailpoet.php:145
Stack trace:
#0 /home4/iticms/public_html/wp-includes/class-wp-hook.php(307): ddw_tbex_site_items_mailpoet(Object(WP_Admin_Bar))
#1 /home4/iticms/public_html/wp-includes/class-wp-hook.php(331): WP_Hook->apply_filters(NULL, Array)
#2 /home4/iticms/public_html/wp-includes/plugin.php(524): WP_Hook->do_action(Array)
#3 /home4/iticms/public_html/wp-includes/admin-bar.php(95): do_action_ref_array('admin_bar_menu', Array)
#4 /home4/iticms/public_html/wp-includes/class-wp-hook.php(307): wp_admin_bar_render('')
#5 /home4/iticms/public_html/wp-includes/class-wp-hook.php(331): WP_Hook->apply_filters('', Array)
#6 /home4/iticms/public_html/wp-includes/plugin.php(476): WP_Hook->do_action(Array)
#7 /home4/iticms/public_html/wp-includes/general-template.php(3074): do_action('wp_body_open')
#8 /home4/iticms/public_html/wp-content/themes/martfury/inc/functions/entr in /home4/iticms/public_html/wp-content/plugins/toolbar-extras/includes/plugins-forms/items-mailpoet.php on line 145

2022-06-15T09:24:01+00:00 CRITICAL Uncaught Error: Class 'MailPoet\Models\Form' not found in /home4/iticms/public_html/wp-content/plugins/toolbar-extras/includes/plugins-forms/items-mailpoet.php:145
Stack trace:
#0 /home4/iticms/public_html/wp-includes/class-wp-hook.php(307): ddw_tbex_site_items_mailpoet(Object(WP_Admin_Bar))
#1 /home4/iticms/public_html/wp-includes/class-wp-hook.php(331): WP_Hook->apply_filters(NULL, Array)
#2 /home4/iticms/public_html/wp-includes/plugin.php(524): WP_Hook->do_action(Array)
#3 /home4/iticms/public_html/wp-includes/admin-bar.php(95): do_action_ref_array('admin_bar_menu', Array)
#4 /home4/iticms/public_html/wp-includes/class-wp-hook.php(307): wp_admin_bar_render('')
#5 /home4/iticms/public_html/wp-includes/class-wp-hook.php(331): WP_Hook->apply_filters('', Array)
#6 /home4/iticms/public_html/wp-includes/plugin.php(476): WP_Hook->do_action(Array)
#7 /home4/iticms/public_html/wp-admin/admin-header.php(267): do_action('in_admin_header')
#8 /home4/iticms/public_html/wp-admin/plugins.php(605): require_once('/home4/it in /home4/iticms/public_html/wp-content/plugins/toolbar-extras/includes/plugins-forms/items-mailpoet.php on line 145

2022-06-15T09:24:04+00:00 CRITICAL Uncaught Error: Class 'MailPoet\Models\Form' not found in /home4/iticms/public_html/wp-content/plugins/toolbar-extras/includes/plugins-forms/items-mailpoet.php:145
Stack trace:
#0 /home4/iticms/public_html/wp-includes/class-wp-hook.php(307): ddw_tbex_site_items_mailpoet(Object(WP_Admin_Bar))
#1 /home4/iticms/public_html/wp-includes/class-wp-hook.php(331): WP_Hook->apply_filters(NULL, Array)
#2 /home4/iticms/public_html/wp-includes/plugin.php(524): WP_Hook->do_action(Array)
#3 /home4/iticms/public_html/wp-includes/admin-bar.php(95): do_action_ref_array('admin_bar_menu', Array)
#4 /home4/iticms/public_html/wp-includes/class-wp-hook.php(307): wp_admin_bar_render('')
#5 /home4/iticms/public_html/wp-includes/class-wp-hook.php(331): WP_Hook->apply_filters('', Array)
#6 /home4/iticms/public_html/wp-includes/plugin.php(476): WP_Hook->do_action(Array)
#7 /home4/iticms/public_html/wp-admin/admin-header.php(267): do_action('in_admin_header')
#8 /home4/iticms/public_html/wp-admin/plugin-install.php(136): require_once('/h in /home4/iticms/public_html/wp-content/plugins/toolbar-extras/includes/plugins-forms/items-mailpoet.php on line 145

2022-06-15T09:24:09+00:00 CRITICAL Uncaught Error: Class 'MailPoet\Models\Form' not found in /home4/iticms/public_html/wp-content/plugins/toolbar-extras/includes/plugins-forms/items-mailpoet.php:145
Stack trace:
#0 /home4/iticms/public_html/wp-includes/class-wp-hook.php(307): ddw_tbex_site_items_mailpoet(Object(WP_Admin_Bar))
#1 /home4/iticms/public_html/wp-includes/class-wp-hook.php(331): WP_Hook->apply_filters(NULL, Array)
#2 /home4/iticms/public_html/wp-includes/plugin.php(524): WP_Hook->do_action(Array)
#3 /home4/iticms/public_html/wp-includes/admin-bar.php(95): do_action_ref_array('admin_bar_menu', Array)
#4 /home4/iticms/public_html/wp-includes/class-wp-hook.php(307): wp_admin_bar_render('')
#5 /home4/iticms/public_html/wp-includes/class-wp-hook.php(331): WP_Hook->apply_filters('', Array)
#6 /home4/iticms/public_html/wp-includes/plugin.php(476): WP_Hook->do_action(Array)
#7 /home4/iticms/public_html/wp-admin/admin-header.php(267): do_action('in_admin_header')
#8 /home4/iticms/public_html/wp-admin/plugins.php(605): require_once('/home4/it in /home4/iticms/public_html/wp-content/plugins/toolbar-extras/includes/plugins-forms/items-mailpoet.php on line 145

2022-06-15T09:24:13+00:00 CRITICAL Uncaught Error: Class 'MailPoet\Models\Form' not found in /home4/iticms/public_html/wp-content/plugins/toolbar-extras/includes/plugins-forms/items-mailpoet.php:145
Stack trace:
#0 /home4/iticms/public_html/wp-includes/class-wp-hook.php(307): ddw_tbex_site_items_mailpoet(Object(WP_Admin_Bar))
#1 /home4/iticms/public_html/wp-includes/class-wp-hook.php(331): WP_Hook->apply_filters(NULL, Array)
#2 /home4/iticms/public_html/wp-includes/plugin.php(524): WP_Hook->do_action(Array)
#3 /home4/iticms/public_html/wp-includes/admin-bar.php(95): do_action_ref_array('admin_bar_menu', Array)
#4 /home4/iticms/public_html/wp-includes/class-wp-hook.php(307): wp_admin_bar_render('')
#5 /home4/iticms/public_html/wp-includes/class-wp-hook.php(331): WP_Hook->apply_filters('', Array)
#6 /home4/iticms/public_html/wp-includes/plugin.php(476): WP_Hook->do_action(Array)
#7 /home4/iticms/public_html/wp-admin/admin-header.php(267): do_action('in_admin_header')
#8 /home4/iticms/public_html/wp-admin/index.php(137): require_once('/home4/itic in /home4/iticms/public_html/wp-content/plugins/toolbar-extras/includes/plugins-forms/items-mailpoet.php on line 145

2022-06-15T09:24:59+00:00 CRITICAL Uncaught Error: Class 'MailPoet\Models\Form' not found in /home4/iticms/public_html/wp-content/plugins/toolbar-extras/includes/plugins-forms/items-mailpoet.php:145
Stack trace:
#0 /home4/iticms/public_html/wp-includes/class-wp-hook.php(307): ddw_tbex_site_items_mailpoet(Object(WP_Admin_Bar))
#1 /home4/iticms/public_html/wp-includes/class-wp-hook.php(331): WP_Hook->apply_filters(NULL, Array)
#2 /home4/iticms/public_html/wp-includes/plugin.php(524): WP_Hook->do_action(Array)
#3 /home4/iticms/public_html/wp-includes/admin-bar.php(95): do_action_ref_array('admin_bar_menu', Array)
#4 /home4/iticms/public_html/wp-includes/class-wp-hook.php(307): wp_admin_bar_render('')
#5 /home4/iticms/public_html/wp-includes/class-wp-hook.php(331): WP_Hook->apply_filters('', Array)
#6 /home4/iticms/public_html/wp-includes/plugin.php(476): WP_Hook->do_action(Array)
#7 /home4/iticms/public_html/wp-admin/admin-header.php(267): do_action('in_admin_header')
#8 /home4/iticms/public_html/wp-admin/index.php(137): require_once('/home4/itic in /home4/iticms/public_html/wp-content/plugins/toolbar-extras/includes/plugins-forms/items-mailpoet.php on line 145

2022-06-15T09:25:02+00:00 CRITICAL Uncaught Error: Class 'MailPoet\Models\Form' not found in /home4/iticms/public_html/wp-content/plugins/toolbar-extras/includes/plugins-forms/items-mailpoet.php:145
Stack trace:
#0 /home4/iticms/public_html/wp-includes/class-wp-hook.php(307): ddw_tbex_site_items_mailpoet(Object(WP_Admin_Bar))
#1 /home4/iticms/public_html/wp-includes/class-wp-hook.php(331): WP_Hook->apply_filters(NULL, Array)
#2 /home4/iticms/public_html/wp-includes/plugin.php(524): WP_Hook->do_action(Array)
#3 /home4/iticms/public_html/wp-includes/admin-bar.php(95): do_action_ref_array('admin_bar_menu', Array)
#4 /home4/iticms/public_html/wp-includes/class-wp-hook.php(307): wp_admin_bar_render('')
#5 /home4/iticms/public_html/wp-includes/class-wp-hook.php(331): WP_Hook->apply_filters('', Array)
#6 /home4/iticms/public_html/wp-includes/plugin.php(476): WP_Hook->do_action(Array)
#7 /home4/iticms/public_html/wp-admin/admin-header.php(267): do_action('in_admin_header')
#8 /home4/iticms/public_html/wp-admin/index.php(137): require_once('/home4/itic in /home4/iticms/public_html/wp-content/plugins/toolbar-extras/includes/plugins-forms/items-mailpoet.php on line 145

2022-06-15T09:26:50+00:00 CRITICAL Uncaught Error: Class 'MailPoet\Models\Form' not found in /home4/iticms/public_html/wp-content/plugins/toolbar-extras/includes/plugins-forms/items-mailpoet.php:145
Stack trace:
#0 /home4/iticms/public_html/wp-includes/class-wp-hook.php(307): ddw_tbex_site_items_mailpoet(Object(WP_Admin_Bar))
#1 /home4/iticms/public_html/wp-includes/class-wp-hook.php(331): WP_Hook->apply_filters(NULL, Array)
#2 /home4/iticms/public_html/wp-includes/plugin.php(524): WP_Hook->do_action(Array)
#3 /home4/iticms/public_html/wp-includes/admin-bar.php(95): do_action_ref_array('admin_bar_menu', Array)
#4 /home4/iticms/public_html/wp-includes/class-wp-hook.php(307): wp_admin_bar_render('')
#5 /home4/iticms/public_html/wp-includes/class-wp-hook.php(331): WP_Hook->apply_filters('', Array)
#6 /home4/iticms/public_html/wp-includes/plugin.php(476): WP_Hook->do_action(Array)
#7 /home4/iticms/public_html/wp-admin/admin-header.php(267): do_action('in_admin_header')
#8 /home4/iticms/public_html/wp-admin/index.php(137): require_once('/home4/itic in /home4/iticms/public_html/wp-content/plugins/toolbar-extras/includes/plugins-forms/items-mailpoet.php on line 145

2022-06-15T09:31:26+00:00 CRITICAL Uncaught Error: Class 'MailPoet\Models\Form' not found in /home4/iticms/public_html/wp-content/plugins/toolbar-extras/includes/plugins-forms/items-mailpoet.php:145
Stack trace:
#0 /home4/iticms/public_html/wp-includes/class-wp-hook.php(307): ddw_tbex_site_items_mailpoet(Object(WP_Admin_Bar))
#1 /home4/iticms/public_html/wp-includes/class-wp-hook.php(331): WP_Hook->apply_filters(NULL, Array)
#2 /home4/iticms/public_html/wp-includes/plugin.php(524): WP_Hook->do_action(Array)
#3 /home4/iticms/public_html/wp-includes/admin-bar.php(95): do_action_ref_array('admin_bar_menu', Array)
#4 /home4/iticms/public_html/wp-includes/class-wp-hook.php(307): wp_admin_bar_render('')
#5 /home4/iticms/public_html/wp-includes/class-wp-hook.php(331): WP_Hook->apply_filters('', Array)
#6 /home4/iticms/public_html/wp-includes/plugin.php(476): WP_Hook->do_action(Array)
#7 /home4/iticms/public_html/wp-admin/admin-header.php(267): do_action('in_admin_header')
#8 /home4/iticms/public_html/wp-admin/index.php(137): require_once('/home4/itic in /home4/iticms/public_html/wp-content/plugins/toolbar-extras/includes/plugins-forms/items-mailpoet.php on line 145

2022-06-15T09:31:40+00:00 CRITICAL Uncaught Error: Class 'MailPoet\Models\Form' not found in /home4/iticms/public_html/wp-content/plugins/toolbar-extras/includes/plugins-forms/items-mailpoet.php:145
Stack trace:
#0 /home4/iticms/public_html/wp-includes/class-wp-hook.php(307): ddw_tbex_site_items_mailpoet(Object(WP_Admin_Bar))
#1 /home4/iticms/public_html/wp-includes/class-wp-hook.php(331): WP_Hook->apply_filters(NULL, Array)
#2 /home4/iticms/public_html/wp-includes/plugin.php(524): WP_Hook->do_action(Array)
#3 /home4/iticms/public_html/wp-includes/admin-bar.php(95): do_action_ref_array('admin_bar_menu', Array)
#4 /home4/iticms/public_html/wp-includes/class-wp-hook.php(307): wp_admin_bar_render('')
#5 /home4/iticms/public_html/wp-includes/class-wp-hook.php(331): WP_Hook->apply_filters('', Array)
#6 /home4/iticms/public_html/wp-includes/plugin.php(476): WP_Hook->do_action(Array)
#7 /home4/iticms/public_html/wp-admin/admin-header.php(267): do_action('in_admin_header')
#8 /home4/iticms/public_html/wp-admin/edit.php(397): require_once('/home4/iticm in /home4/iticms/public_html/wp-content/plugins/toolbar-extras/includes/plugins-forms/items-mailpoet.php on line 145

2022-06-15T09:31:45+00:00 CRITICAL Uncaught Error: Class 'MailPoet\Models\Form' not found in /home4/iticms/public_html/wp-content/plugins/toolbar-extras/includes/plugins-forms/items-mailpoet.php:145
Stack trace:
#0 /home4/iticms/public_html/wp-includes/class-wp-hook.php(307): ddw_tbex_site_items_mailpoet(Object(WP_Admin_Bar))
#1 /home4/iticms/public_html/wp-includes/class-wp-hook.php(331): WP_Hook->apply_filters(NULL, Array)
#2 /home4/iticms/public_html/wp-includes/plugin.php(524): WP_Hook->do_action(Array)
#3 /home4/iticms/public_html/wp-includes/admin-bar.php(95): do_action_ref_array('admin_bar_menu', Array)
#4 /home4/iticms/public_html/wp-includes/class-wp-hook.php(307): wp_admin_bar_render('')
#5 /home4/iticms/public_html/wp-includes/class-wp-hook.php(331): WP_Hook->apply_filters('', Array)
#6 /home4/iticms/public_html/wp-includes/plugin.php(476): WP_Hook->do_action(Array)
#7 /home4/iticms/public_html/wp-admin/admin-header.php(267): do_action('in_admin_header')
#8 /home4/iticms/public_html/wp-admin/edit.php(397): require_once('/home4/iticm in /home4/iticms/public_html/wp-content/plugins/toolbar-extras/includes/plugins-forms/items-mailpoet.php on line 145

2022-06-15T09:31:55+00:00 CRITICAL Uncaught Error: Class 'MailPoet\Models\Form' not found in /home4/iticms/public_html/wp-content/plugins/toolbar-extras/includes/plugins-forms/items-mailpoet.php:145
Stack trace:
#0 /home4/iticms/public_html/wp-includes/class-wp-hook.php(307): ddw_tbex_site_items_mailpoet(Object(WP_Admin_Bar))
#1 /home4/iticms/public_html/wp-includes/class-wp-hook.php(331): WP_Hook->apply_filters(NULL, Array)
#2 /home4/iticms/public_html/wp-includes/plugin.php(524): WP_Hook->do_action(Array)
#3 /home4/iticms/public_html/wp-includes/admin-bar.php(95): do_action_ref_array('admin_bar_menu', Array)
#4 /home4/iticms/public_html/wp-includes/class-wp-hook.php(307): wp_admin_bar_render('')
#5 /home4/iticms/public_html/wp-includes/class-wp-hook.php(331): WP_Hook->apply_filters('', Array)
#6 /home4/iticms/public_html/wp-includes/plugin.php(476): WP_Hook->do_action(Array)
#7 /home4/iticms/public_html/wp-admin/admin-header.php(267): do_action('in_admin_header')
#8 /home4/iticms/public_html/wp-admin/edit.php(397): require_once('/home4/iticm in /home4/iticms/public_html/wp-content/plugins/toolbar-extras/includes/plugins-forms/items-mailpoet.php on line 145

2022-06-15T09:32:09+00:00 CRITICAL Uncaught Error: Class 'MailPoet\Models\Form' not found in /home4/iticms/public_html/wp-content/plugins/toolbar-extras/includes/plugins-forms/items-mailpoet.php:145
Stack trace:
#0 /home4/iticms/public_html/wp-includes/class-wp-hook.php(307): ddw_tbex_site_items_mailpoet(Object(WP_Admin_Bar))
#1 /home4/iticms/public_html/wp-includes/class-wp-hook.php(331): WP_Hook->apply_filters(NULL, Array)
#2 /home4/iticms/public_html/wp-includes/plugin.php(524): WP_Hook->do_action(Array)
#3 /home4/iticms/public_html/wp-includes/admin-bar.php(95): do_action_ref_array('admin_bar_menu', Array)
#4 /home4/iticms/public_html/wp-includes/class-wp-hook.php(307): wp_admin_bar_render('')
#5 /home4/iticms/public_html/wp-includes/class-wp-hook.php(331): WP_Hook->apply_filters('', Array)
#6 /home4/iticms/public_html/wp-includes/plugin.php(476): WP_Hook->do_action(Array)
#7 /home4/iticms/public_html/wp-includes/general-template.php(3074): do_action('wp_body_open')
#8 /home4/iticms/public_html/wp-content/themes/martfury/inc/functions/entr in /home4/iticms/public_html/wp-content/plugins/toolbar-extras/includes/plugins-forms/items-mailpoet.php on line 145

2022-06-15T09:32:10+00:00 CRITICAL Uncaught Error: Class 'MailPoet\Models\Form' not found in /home4/iticms/public_html/wp-content/plugins/toolbar-extras/includes/plugins-forms/items-mailpoet.php:145
Stack trace:
#0 /home4/iticms/public_html/wp-includes/class-wp-hook.php(307): ddw_tbex_site_items_mailpoet(Object(WP_Admin_Bar))
#1 /home4/iticms/public_html/wp-includes/class-wp-hook.php(331): WP_Hook->apply_filters(NULL, Array)
#2 /home4/iticms/public_html/wp-includes/plugin.php(524): WP_Hook->do_action(Array)
#3 /home4/iticms/public_html/wp-includes/admin-bar.php(95): do_action_ref_array('admin_bar_menu', Array)
#4 /home4/iticms/public_html/wp-includes/class-wp-hook.php(307): wp_admin_bar_render('')
#5 /home4/iticms/public_html/wp-includes/class-wp-hook.php(331): WP_Hook->apply_filters('', Array)
#6 /home4/iticms/public_html/wp-includes/plugin.php(476): WP_Hook->do_action(Array)
#7 /home4/iticms/public_html/wp-includes/general-template.php(3074): do_action('wp_body_open')
#8 /home4/iticms/public_html/wp-content/themes/martfury/inc/functions/entr in /home4/iticms/public_html/wp-content/plugins/toolbar-extras/includes/plugins-forms/items-mailpoet.php on line 145

2022-06-15T09:32:10+00:00 CRITICAL Uncaught Error: Class 'MailPoet\Models\Form' not found in /home4/iticms/public_html/wp-content/plugins/toolbar-extras/includes/plugins-forms/items-mailpoet.php:145
Stack trace:
#0 /home4/iticms/public_html/wp-includes/class-wp-hook.php(307): ddw_tbex_site_items_mailpoet(Object(WP_Admin_Bar))
#1 /home4/iticms/public_html/wp-includes/class-wp-hook.php(331): WP_Hook->apply_filters(NULL, Array)
#2 /home4/iticms/public_html/wp-includes/plugin.php(524): WP_Hook->do_action(Array)
#3 /home4/iticms/public_html/wp-includes/admin-bar.php(95): do_action_ref_array('admin_bar_menu', Array)
#4 /home4/iticms/public_html/wp-includes/class-wp-hook.php(307): wp_admin_bar_render('')
#5 /home4/iticms/public_html/wp-includes/class-wp-hook.php(331): WP_Hook->apply_filters('', Array)
#6 /home4/iticms/public_html/wp-includes/plugin.php(476): WP_Hook->do_action(Array)
#7 /home4/iticms/public_html/wp-includes/general-template.php(3074): do_action('wp_body_open')
#8 /home4/iticms/public_html/wp-content/themes/martfury/inc/functions/entr in /home4/iticms/public_html/wp-content/plugins/toolbar-extras/includes/plugins-forms/items-mailpoet.php on line 145

