2022-06-10T21:13:29+00:00 CRITICAL Uncaught Error: Call to undefined function doctreat_get_linked_profile_id() in /home4/iticms/public_html/wp-content/plugins/doctreat_core/admin/post-types/doctors.php:28
Stack trace:
#0 /home4/iticms/public_html/wp-includes/class-wp-hook.php(307): Doctreat_Doctors->linked_profile_add_meta_box('doctor', Object(WP_Post))
#1 /home4/iticms/public_html/wp-includes/class-wp-hook.php(331): WP_Hook->apply_filters(NULL, Array)
#2 /home4/iticms/public_html/wp-includes/plugin.php(476): WP_Hook->do_action(Array)
#3 /home4/iticms/public_html/wp-admin/includes/meta-boxes.php(1599): do_action('add_meta_boxes', 'doctor', Object(WP_Post))
#4 /home4/iticms/public_html/wp-admin/edit-form-advanced.php(271): register_and_do_post_meta_boxes(Object(WP_Post))
#5 /home4/iticms/public_html/wp-admin/post.php(206): require('/home4/iticms/p...')
#6 {main}
  thrown in /home4/iticms/public_html/wp-content/plugins/doctreat_core/admin/post-types/doctors.php on line 28

2022-06-10T22:47:36+00:00 CRITICAL Uncaught Error: Call to undefined function doctreat_get_linked_profile_id() in /home4/iticms/public_html/wp-content/plugins/doctreat_core/admin/post-types/doctors.php:28
Stack trace:
#0 /home4/iticms/public_html/wp-includes/class-wp-hook.php(307): Doctreat_Doctors->linked_profile_add_meta_box('page', Object(WP_Post))
#1 /home4/iticms/public_html/wp-includes/class-wp-hook.php(331): WP_Hook->apply_filters(NULL, Array)
#2 /home4/iticms/public_html/wp-includes/plugin.php(476): WP_Hook->do_action(Array)
#3 /home4/iticms/public_html/wp-admin/includes/meta-boxes.php(1599): do_action('add_meta_boxes', 'page', Object(WP_Post))
#4 /home4/iticms/public_html/wp-admin/edit-form-advanced.php(271): register_and_do_post_meta_boxes(Object(WP_Post))
#5 /home4/iticms/public_html/wp-admin/post.php(206): require('/home4/iticms/p...')
#6 {main}
  thrown in /home4/iticms/public_html/wp-content/plugins/doctreat_core/admin/post-types/doctors.php on line 28

2022-06-10T22:49:29+00:00 CRITICAL Uncaught Error: Call to undefined function doctreat_get_linked_profile_id() in /home4/iticms/public_html/wp-content/plugins/doctreat_core/admin/post-types/doctors.php:28
Stack trace:
#0 /home4/iticms/public_html/wp-includes/class-wp-hook.php(307): Doctreat_Doctors->linked_profile_add_meta_box('page', Object(WP_Post))
#1 /home4/iticms/public_html/wp-includes/class-wp-hook.php(331): WP_Hook->apply_filters(NULL, Array)
#2 /home4/iticms/public_html/wp-includes/plugin.php(476): WP_Hook->do_action(Array)
#3 /home4/iticms/public_html/wp-admin/includes/meta-boxes.php(1599): do_action('add_meta_boxes', 'page', Object(WP_Post))
#4 /home4/iticms/public_html/wp-admin/edit-form-advanced.php(271): register_and_do_post_meta_boxes(Object(WP_Post))
#5 /home4/iticms/public_html/wp-admin/post.php(206): require('/home4/iticms/p...')
#6 {main}
  thrown in /home4/iticms/public_html/wp-content/plugins/doctreat_core/admin/post-types/doctors.php on line 28

2022-06-10T22:49:45+00:00 CRITICAL Uncaught Error: Call to undefined function doctreat_get_linked_profile_id() in /home4/iticms/public_html/wp-content/plugins/doctreat_core/admin/post-types/doctors.php:28
Stack trace:
#0 /home4/iticms/public_html/wp-includes/class-wp-hook.php(307): Doctreat_Doctors->linked_profile_add_meta_box('page', Object(WP_Post))
#1 /home4/iticms/public_html/wp-includes/class-wp-hook.php(331): WP_Hook->apply_filters(NULL, Array)
#2 /home4/iticms/public_html/wp-includes/plugin.php(476): WP_Hook->do_action(Array)
#3 /home4/iticms/public_html/wp-admin/includes/meta-boxes.php(1599): do_action('add_meta_boxes', 'page', Object(WP_Post))
#4 /home4/iticms/public_html/wp-admin/edit-form-advanced.php(271): register_and_do_post_meta_boxes(Object(WP_Post))
#5 /home4/iticms/public_html/wp-admin/post.php(206): require('/home4/iticms/p...')
#6 {main}
  thrown in /home4/iticms/public_html/wp-content/plugins/doctreat_core/admin/post-types/doctors.php on line 28

2022-06-10T22:57:33+00:00 CRITICAL Uncaught Error: Call to undefined function doctreat_get_linked_profile_id() in /home4/iticms/public_html/wp-content/plugins/doctreat_core/admin/post-types/doctors.php:28
Stack trace:
#0 /home4/iticms/public_html/wp-includes/class-wp-hook.php(307): Doctreat_Doctors->linked_profile_add_meta_box('page', Object(WP_Post))
#1 /home4/iticms/public_html/wp-includes/class-wp-hook.php(331): WP_Hook->apply_filters(NULL, Array)
#2 /home4/iticms/public_html/wp-includes/plugin.php(476): WP_Hook->do_action(Array)
#3 /home4/iticms/public_html/wp-admin/includes/meta-boxes.php(1599): do_action('add_meta_boxes', 'page', Object(WP_Post))
#4 /home4/iticms/public_html/wp-admin/edit-form-advanced.php(271): register_and_do_post_meta_boxes(Object(WP_Post))
#5 /home4/iticms/public_html/wp-admin/post.php(206): require('/home4/iticms/p...')
#6 {main}
  thrown in /home4/iticms/public_html/wp-content/plugins/doctreat_core/admin/post-types/doctors.php on line 28

